src-tauri/plugins/tauri-plugin-harbor-player/android/build/intermediates/manifest_merge_blame_file/debug/processDebugManifest/manifest-merger-blame-debug-report.txt
1<?xml version="1.0" encoding="utf-8"?>
2<manifest xmlns:android="http://schemas.android.com/apk/res/android"
3    package="app.harbor.player" >
4
5    <uses-sdk android:minSdkVersion="24" />
6
7    <application>
7-->src\main\AndroidManifest.xml:3:5-12:19
8        <activity
8-->src\main\AndroidManifest.xml:4:9-11:40
9            android:name="app.harbor.player.PlayerActivity"
9-->src\main\AndroidManifest.xml:5:13-60
10            android:configChanges="orientation|screenSize|smallestScreenSize|screenLayout|keyboardHidden|uiMode"
10-->src\main\AndroidManifest.xml:6:13-113
11            android:exported="false"
11-->src\main\AndroidManifest.xml:11:13-37
12            android:launchMode="singleTask"
12-->src\main\AndroidManifest.xml:9:13-44
13            android:resizeableActivity="true"
13-->src\main\AndroidManifest.xml:8:13-46
14            android:supportsPictureInPicture="true"
14-->src\main\AndroidManifest.xml:7:13-52
15            android:theme="@style/Theme.AppCompat.NoActionBar" />
15-->src\main\AndroidManifest.xml:10:13-63
16    </application>
17
18</manifest>